  RayTraceInWeekend01.cpp
C:\Users\merty\Documents\Visual Studio 2019\Projects\RayTraceInWeekend01\vec3.h(66,10): warning C4244: 'initializing': conversion from 'double' to 'float', possible loss of data
C:\Users\merty\Documents\Visual Studio 2019\Projects\RayTraceInWeekend01\vec3.h(164,10): warning C4244: 'initializing': conversion from 'double' to 'float', possible loss of data
C:\Users\merty\Documents\Visual Studio 2019\Projects\RayTraceInWeekend01\hitablelist.h(30,28): warning C4244: 'argument': conversion from 'double' to 'float', possible loss of data
C:\Users\merty\Documents\Visual Studio 2019\Projects\RayTraceInWeekend01\camera.h(30,15): warning C4244: 'initializing': conversion from 'long double' to 'float', possible loss of data
C:\Users\merty\Documents\Visual Studio 2019\Projects\RayTraceInWeekend01\camera.h(42,33): warning C4244: 'argument': conversion from 'double' to 'float', possible loss of data
C:\Users\merty\Documents\Visual Studio 2019\Projects\RayTraceInWeekend01\camera.h(43,32): warning C4244: 'argument': conversion from 'double' to 'float', possible loss of data
C:\Users\merty\Documents\Visual Studio 2019\Projects\RayTraceInWeekend01\material.h(124,21): warning C4244: '=': conversion from 'double' to 'float', possible loss of data
C:\Users\merty\Documents\Visual Studio 2019\Projects\RayTraceInWeekend01\RayTraceInWeekend01.cpp(32,51): warning C4244: 'argument': conversion from 'double' to 'float', possible loss of data
C:\Users\merty\Documents\Visual Studio 2019\Projects\RayTraceInWeekend01\RayTraceInWeekend01.cpp(32,67): warning C4305: 'argument': truncation from 'double' to 'float'
C:\Users\merty\Documents\Visual Studio 2019\Projects\RayTraceInWeekend01\RayTraceInWeekend01.cpp(32,27): warning C4244: 'argument': conversion from 'double' to 'float', possible loss of data
C:\Users\merty\Documents\Visual Studio 2019\Projects\RayTraceInWeekend01\RayTraceInWeekend01.cpp(34,16): warning C4305: 'argument': truncation from 'double' to 'float'
C:\Users\merty\Documents\Visual Studio 2019\Projects\RayTraceInWeekend01\RayTraceInWeekend01.cpp(38,135): warning C4305: 'argument': truncation from 'double' to 'float'
C:\Users\merty\Documents\Visual Studio 2019\Projects\RayTraceInWeekend01\RayTraceInWeekend01.cpp(42,164): warning C4305: 'argument': truncation from 'double' to 'float'
C:\Users\merty\Documents\Visual Studio 2019\Projects\RayTraceInWeekend01\RayTraceInWeekend01.cpp(47,77): warning C4305: 'argument': truncation from 'double' to 'float'
C:\Users\merty\Documents\Visual Studio 2019\Projects\RayTraceInWeekend01\RayTraceInWeekend01.cpp(54,80): warning C4305: 'argument': truncation from 'double' to 'float'
C:\Users\merty\Documents\Visual Studio 2019\Projects\RayTraceInWeekend01\RayTraceInWeekend01.cpp(55,74): warning C4305: 'argument': truncation from 'double' to 'float'
C:\Users\merty\Documents\Visual Studio 2019\Projects\RayTraceInWeekend01\RayTraceInWeekend01.cpp(63,8): warning C4305: 'argument': truncation from 'double' to 'float'
C:\Users\merty\Documents\Visual Studio 2019\Projects\RayTraceInWeekend01\RayTraceInWeekend01.cpp(80,17): warning C4244: 'initializing': conversion from 'double' to 'float', possible loss of data
C:\Users\merty\Documents\Visual Studio 2019\Projects\RayTraceInWeekend01\RayTraceInWeekend01.cpp(81,21): warning C4244: 'argument': conversion from 'double' to 'float', possible loss of data
C:\Users\merty\Documents\Visual Studio 2019\Projects\RayTraceInWeekend01\RayTraceInWeekend01.cpp(81,72): warning C4305: 'argument': truncation from 'double' to 'float'
C:\Users\merty\Documents\Visual Studio 2019\Projects\RayTraceInWeekend01\RayTraceInWeekend01.cpp(116,29): warning C4305: 'initializing': truncation from 'double' to 'float'
  RayTraceInWeekend01.vcxproj -> C:\Users\merty\Documents\Visual Studio 2019\Projects\RayTraceInWeekend01\Debug\RayTraceInWeekend01.exe
